2020-01-14 23:39:44,021 INFO org.springframework.boot.StartupInfoLogger [main] Starting CalculatorApplication on mohammad-TP301UJ with PID 28571 (/home/mohammad/Downloads/claculator/target/classes started by mohammad in /home/mohammad/Downloads/claculator)
2020-01-14 23:39:44,035 DEBUG org.springframework.boot.StartupInfoLogger [main] Running with Spring Boot v2.2.2.RELEASE, Spring v5.2.2.RELEASE
2020-01-14 23:39:44,051 INFO org.springframework.boot.SpringApplication [main] No active profile set, falling back to default profiles: default
2020-01-14 23:39:46,886 INFO org.springframework.boot.web.embedded.tomcat.TomcatWebServer [main] Tomcat initialized with port(s): 8080 (http)
2020-01-14 23:39:46,893 INFO org.apache.juli.logging.DirectJDKLog [main] Initializing ProtocolHandler ["http-nio-8080"]
2020-01-14 23:39:46,894 INFO org.apache.juli.logging.DirectJDKLog [main] Starting service [Tomcat]
2020-01-14 23:39:46,894 INFO org.apache.juli.logging.DirectJDKLog [main] Starting Servlet engine: [Apache Tomcat/9.0.29]
2020-01-14 23:39:46,988 INFO org.apache.juli.logging.DirectJDKLog [main] Initializing Spring embedded WebApplicationContext
2020-01-14 23:39:46,990 INFO org.springframework.boot.web.servlet.context.ServletWebServerApplicationContext [main] Root WebApplicationContext: initialization completed in 2696 ms
2020-01-14 23:39:47,692 INFO org.springframework.boot.actuate.endpoint.web.EndpointLinksResolver [main] Exposing 2 endpoint(s) beneath base path '/actuator'
2020-01-14 23:39:47,816 INFO springfox.documentation.spring.web.PropertySourcedRequestMappingHandlerMapping [main] Mapped URL path [/v2/api-docs] onto method [springfox.documentation.swagger2.web.Swagger2Controller#getDocumentation(String, HttpServletRequest)]
2020-01-14 23:39:48,037 INFO org.springframework.scheduling.concurrent.ExecutorConfigurationSupport [main] Initializing ExecutorService 'applicationTaskExecutor'
2020-01-14 23:39:48,528 INFO springfox.documentation.spring.web.plugins.DocumentationPluginsBootstrapper [main] Context refreshed
2020-01-14 23:39:48,564 INFO springfox.documentation.spring.web.plugins.DocumentationPluginsBootstrapper [main] Found 1 custom documentation plugin(s)
2020-01-14 23:39:48,626 INFO springfox.documentation.spring.web.scanners.ApiListingReferenceScanner [main] Scanning for api listing references
2020-01-14 23:39:48,945 INFO org.apache.juli.logging.DirectJDKLog [main] Starting ProtocolHandler ["http-nio-8080"]
2020-01-14 23:39:48,992 INFO org.springframework.boot.web.embedded.tomcat.TomcatWebServer [main] Tomcat started on port(s): 8080 (http) with context path ''
2020-01-14 23:39:48,997 INFO org.springframework.boot.StartupInfoLogger [main] Started CalculatorApplication in 6.099 seconds (JVM running for 7.299)
2020-01-14 23:42:28,279 INFO org.springframework.scheduling.concurrent.ExecutorConfigurationSupport [SpringContextShutdownHook] Shutting down ExecutorService 'applicationTaskExecutor'
2020-01-14 23:54:53,122 INFO org.springframework.boot.StartupInfoLogger [main] Starting SimpleCalculatorControllerIntegrationTest on mohammad-TP301UJ with PID 29769 (started by mohammad in /home/mohammad/Downloads/claculator)
2020-01-14 23:54:53,125 DEBUG org.springframework.boot.StartupInfoLogger [main] Running with Spring Boot v2.2.2.RELEASE, Spring v5.2.2.RELEASE
2020-01-14 23:54:53,129 INFO org.springframework.boot.SpringApplication [main] No active profile set, falling back to default profiles: default
2020-01-14 23:54:56,774 INFO org.springframework.boot.actuate.endpoint.web.EndpointLinksResolver [main] Exposing 2 endpoint(s) beneath base path '/actuator'
2020-01-14 23:54:57,075 INFO springfox.documentation.spring.web.PropertySourcedRequestMappingHandlerMapping [main] Mapped URL path [/v2/api-docs] onto method [springfox.documentation.swagger2.web.Swagger2Controller#getDocumentation(String, HttpServletRequest)]
2020-01-14 23:54:57,614 INFO org.springframework.scheduling.concurrent.ExecutorConfigurationSupport [main] Initializing ExecutorService 'applicationTaskExecutor'
2020-01-14 23:54:58,082 INFO org.springframework.mock.web.MockServletContext [main] Initializing Spring TestDispatcherServlet ''
2020-01-14 23:54:58,083 INFO org.springframework.web.servlet.FrameworkServlet [main] Initializing Servlet ''
2020-01-14 23:54:58,102 INFO org.springframework.web.servlet.FrameworkServlet [main] Completed initialization in 19 ms
2020-01-14 23:54:58,152 INFO springfox.documentation.spring.web.plugins.DocumentationPluginsBootstrapper [main] Context refreshed
2020-01-14 23:54:58,192 INFO springfox.documentation.spring.web.plugins.DocumentationPluginsBootstrapper [main] Found 1 custom documentation plugin(s)
2020-01-14 23:54:58,239 INFO springfox.documentation.spring.web.scanners.ApiListingReferenceScanner [main] Scanning for api listing references
2020-01-14 23:54:58,498 INFO org.springframework.boot.StartupInfoLogger [main] Started SimpleCalculatorControllerIntegrationTest in 5.991 seconds (JVM running for 8.122)
2020-01-14 23:54:58,790 INFO org.springframework.scheduling.concurrent.ExecutorConfigurationSupport [SpringContextShutdownHook] Shutting down ExecutorService 'applicationTaskExecutor'
2020-01-14 23:59:00,052 INFO org.springframework.boot.StartupInfoLogger [main] Starting SimpleCalculatorControllerIntegrationTest on mohammad-TP301UJ with PID 30030 (started by mohammad in /home/mohammad/Downloads/claculator)
2020-01-14 23:59:00,056 DEBUG org.springframework.boot.StartupInfoLogger [main] Running with Spring Boot v2.2.2.RELEASE, Spring v5.2.2.RELEASE
2020-01-14 23:59:00,057 INFO org.springframework.boot.SpringApplication [main] No active profile set, falling back to default profiles: default
2020-01-14 23:59:03,630 INFO org.springframework.boot.actuate.endpoint.web.EndpointLinksResolver [main] Exposing 2 endpoint(s) beneath base path '/actuator'
2020-01-14 23:59:03,844 INFO springfox.documentation.spring.web.PropertySourcedRequestMappingHandlerMapping [main] Mapped URL path [/v2/api-docs] onto method [springfox.documentation.swagger2.web.Swagger2Controller#getDocumentation(String, HttpServletRequest)]
2020-01-14 23:59:04,260 INFO org.springframework.scheduling.concurrent.ExecutorConfigurationSupport [main] Initializing ExecutorService 'applicationTaskExecutor'
2020-01-14 23:59:04,721 INFO org.springframework.mock.web.MockServletContext [main] Initializing Spring TestDispatcherServlet ''
2020-01-14 23:59:04,721 INFO org.springframework.web.servlet.FrameworkServlet [main] Initializing Servlet ''
2020-01-14 23:59:04,740 INFO org.springframework.web.servlet.FrameworkServlet [main] Completed initialization in 18 ms
2020-01-14 23:59:04,778 INFO springfox.documentation.spring.web.plugins.DocumentationPluginsBootstrapper [main] Context refreshed
2020-01-14 23:59:04,814 INFO springfox.documentation.spring.web.plugins.DocumentationPluginsBootstrapper [main] Found 1 custom documentation plugin(s)
2020-01-14 23:59:04,857 INFO springfox.documentation.spring.web.scanners.ApiListingReferenceScanner [main] Scanning for api listing references
2020-01-14 23:59:05,128 INFO org.springframework.boot.StartupInfoLogger [main] Started SimpleCalculatorControllerIntegrationTest in 5.677 seconds (JVM running for 8.817)
2020-01-14 23:59:05,479 INFO org.springframework.scheduling.concurrent.ExecutorConfigurationSupport [SpringContextShutdownHook] Shutting down ExecutorService 'applicationTaskExecutor'
2020-01-14 23:59:23,400 INFO org.springframework.boot.StartupInfoLogger [main] Starting SimpleCalculatorControllerIntegrationTest on mohammad-TP301UJ with PID 30109 (started by mohammad in /home/mohammad/Downloads/claculator)
2020-01-14 23:59:23,403 DEBUG org.springframework.boot.StartupInfoLogger [main] Running with Spring Boot v2.2.2.RELEASE, Spring v5.2.2.RELEASE
2020-01-14 23:59:23,404 INFO org.springframework.boot.SpringApplication [main] No active profile set, falling back to default profiles: default
2020-01-14 23:59:26,318 INFO org.springframework.boot.actuate.endpoint.web.EndpointLinksResolver [main] Exposing 2 endpoint(s) beneath base path '/actuator'
2020-01-14 23:59:26,525 INFO springfox.documentation.spring.web.PropertySourcedRequestMappingHandlerMapping [main] Mapped URL path [/v2/api-docs] onto method [springfox.documentation.swagger2.web.Swagger2Controller#getDocumentation(String, HttpServletRequest)]
2020-01-14 23:59:26,860 INFO org.springframework.scheduling.concurrent.ExecutorConfigurationSupport [main] Initializing ExecutorService 'applicationTaskExecutor'
2020-01-14 23:59:27,208 INFO org.springframework.mock.web.MockServletContext [main] Initializing Spring TestDispatcherServlet ''
2020-01-14 23:59:27,209 INFO org.springframework.web.servlet.FrameworkServlet [main] Initializing Servlet ''
2020-01-14 23:59:27,227 INFO org.springframework.web.servlet.FrameworkServlet [main] Completed initialization in 17 ms
2020-01-14 23:59:27,265 INFO springfox.documentation.spring.web.plugins.DocumentationPluginsBootstrapper [main] Context refreshed
2020-01-14 23:59:27,300 INFO springfox.documentation.spring.web.plugins.DocumentationPluginsBootstrapper [main] Found 1 custom documentation plugin(s)
2020-01-14 23:59:27,342 INFO springfox.documentation.spring.web.scanners.ApiListingReferenceScanner [main] Scanning for api listing references
2020-01-14 23:59:27,584 INFO org.springframework.boot.StartupInfoLogger [main] Started SimpleCalculatorControllerIntegrationTest in 4.908 seconds (JVM running for 7.262)
2020-01-14 23:59:28,034 INFO org.springframework.scheduling.concurrent.ExecutorConfigurationSupport [SpringContextShutdownHook] Shutting down ExecutorService 'applicationTaskExecutor'
2020-01-14 23:59:52,108 INFO org.springframework.boot.StartupInfoLogger [main] Starting SimpleCalculatorControllerIntegrationTest on mohammad-TP301UJ with PID 30177 (started by mohammad in /home/mohammad/Downloads/claculator)
2020-01-14 23:59:52,110 DEBUG org.springframework.boot.StartupInfoLogger [main] Running with Spring Boot v2.2.2.RELEASE, Spring v5.2.2.RELEASE
2020-01-14 23:59:52,112 INFO org.springframework.boot.SpringApplication [main] No active profile set, falling back to default profiles: default
2020-01-14 23:59:54,787 INFO org.springframework.boot.actuate.endpoint.web.EndpointLinksResolver [main] Exposing 2 endpoint(s) beneath base path '/actuator'
2020-01-14 23:59:55,002 INFO springfox.documentation.spring.web.PropertySourcedRequestMappingHandlerMapping [main] Mapped URL path [/v2/api-docs] onto method [springfox.documentation.swagger2.web.Swagger2Controller#getDocumentation(String, HttpServletRequest)]
2020-01-14 23:59:55,346 INFO org.springframework.scheduling.concurrent.ExecutorConfigurationSupport [main] Initializing ExecutorService 'applicationTaskExecutor'
2020-01-14 23:59:55,690 INFO org.springframework.mock.web.MockServletContext [main] Initializing Spring TestDispatcherServlet ''
2020-01-14 23:59:55,691 INFO org.springframework.web.servlet.FrameworkServlet [main] Initializing Servlet ''
2020-01-14 23:59:55,707 INFO org.springframework.web.servlet.FrameworkServlet [main] Completed initialization in 15 ms
2020-01-14 23:59:55,744 INFO springfox.documentation.spring.web.plugins.DocumentationPluginsBootstrapper [main] Context refreshed
2020-01-14 23:59:55,779 INFO springfox.documentation.spring.web.plugins.DocumentationPluginsBootstrapper [main] Found 1 custom documentation plugin(s)
2020-01-14 23:59:55,822 INFO springfox.documentation.spring.web.scanners.ApiListingReferenceScanner [main] Scanning for api listing references
2020-01-14 23:59:56,114 INFO org.springframework.boot.StartupInfoLogger [main] Started SimpleCalculatorControllerIntegrationTest in 4.827 seconds (JVM running for 6.441)
2020-01-14 23:59:56,565 INFO org.springframework.scheduling.concurrent.ExecutorConfigurationSupport [SpringContextShutdownHook] Shutting down ExecutorService 'applicationTaskExecutor'
